This is pdfTeX, Version 3.141592653-2.6-1.40.24 (TeX Live 2022) (preloaded format=pdflatex 2022.4.19)  24 FEB 2023 09:30
entering extended mode
 restricted \write18 enabled.
 %&-line parsing enabled.
**main.tex
(./main.tex
LaTeX2e <2021-11-15> patch level 1
L3 programming layer <2022-02-24> (./elsarticle.cls
Document Class: elsarticle 2008/05/22, 1.0.1: Elsevier Science
\@bls=\dimen138
(/usr/local/texlive/2022basic/texmf-dist/tex/latex/base/article.cls
Document Class: article 2021/10/04 v1.4n Standard LaTeX document class
(/usr/local/texlive/2022basic/texmf-dist/tex/latex/base/size11.clo
File: size11.clo 2021/10/04 v1.4n Standard LaTeX file (size option)
)
\c@part=\count185
\c@section=\count186
\c@subsection=\count187
\c@subsubsection=\count188
\c@paragraph=\count189
\c@subparagraph=\count190
\c@figure=\count191
\c@table=\count192
\abovecaptionskip=\skip47
\belowcaptionskip=\skip48
\bibindent=\dimen139
)
(/usr/local/texlive/2022basic/texmf-dist/tex/latex/graphics/graphicx.sty
Package: graphicx 2021/09/16 v1.2d Enhanced LaTeX Graphics (DPC,SPQR)

(/usr/local/texlive/2022basic/texmf-dist/tex/latex/graphics/keyval.sty
Package: keyval 2014/10/28 v1.15 key=value parser (DPC)
\KV@toks@=\toks16
)
(/usr/local/texlive/2022basic/texmf-dist/tex/latex/graphics/graphics.sty
Package: graphics 2021/03/04 v1.4d Standard LaTeX Graphics (DPC,SPQR)

(/usr/local/texlive/2022basic/texmf-dist/tex/latex/graphics/trig.sty
Package: trig 2021/08/11 v1.11 sin cos tan (DPC)
)
(/usr/local/texlive/2022basic/texmf-dist/tex/latex/graphics-cfg/graphics.cfg
File: graphics.cfg 2016/06/04 v1.11 sample graphics configuration
)
Package graphics Info: Driver file: pdftex.def on input line 107.

(/usr/local/texlive/2022basic/texmf-dist/tex/latex/graphics-def/pdftex.def
File: pdftex.def 2020/10/05 v1.2a Graphics/color driver for pdftex
))
\Gin@req@height=\dimen140
\Gin@req@width=\dimen141
)
(/usr/local/texlive/2022basic/texmf-dist/tex/latex/psnfss/pifont.sty
Package: pifont 2020/03/25 PSNFSS-v9.3 Pi font support (SPQR) 
LaTeX Font Info:    Trying to load font information for U+pzd on input line 63.


(/usr/local/texlive/2022basic/texmf-dist/tex/latex/psnfss/upzd.fd
File: upzd.fd 2001/06/04 font definitions for U/pzd.
)
LaTeX Font Info:    Trying to load font information for U+psy on input line 64.


(/usr/local/texlive/2022basic/texmf-dist/tex/latex/psnfss/upsy.fd
File: upsy.fd 2001/06/04 font definitions for U/psy.
))
\c@tnote=\count193
\c@fnote=\count194
\c@cnote=\count195
\c@ead=\count196
\c@author=\count197
\@eadauthor=\toks17
\c@affn=\count198
\absbox=\box50
\keybox=\box51
\Columnwidth=\dimen142
\space@left=\dimen143
\els@boxa=\box52
\els@boxb=\box53
\leftMargin=\dimen144
\@enLab=\toks18
\@sep=\skip49
\@@sep=\skip50
 (./main.spl) (/usr/local/texlive/2022basic/texmf-dist/tex/latex/natbib/natbib.
sty
Package: natbib 2010/09/13 8.31b (PWD, AO)
\bibhang=\skip51
\bibsep=\skip52
LaTeX Info: Redefining \cite on input line 694.
\c@NAT@ctr=\count199
)
\splwrite=\write3
\openout3 = `main.spl'.

)
(/usr/local/texlive/2022basic/texmf-dist/tex/latex/url/url.sty
\Urlmuskip=\muskip16
Package: url 2013/09/16  ver 3.4  Verb mode for urls, etc.
)
(/usr/local/texlive/2022basic/texmf-dist/tex/latex/base/inputenc.sty
Package: inputenc 2021/02/14 v1.3d Input encoding file
\inpenc@prehook=\toks19
\inpenc@posthook=\toks20
)
(/usr/local/texlive/2022basic/texmf-dist/tex/latex/caption/subcaption.sty
Package: subcaption 2022/01/07 v1.5 Sub-captions (AR)

(/usr/local/texlive/2022basic/texmf-dist/tex/latex/caption/caption.sty
Package: caption 2022/02/28 v3.6a Customizing captions (AR)

(/usr/local/texlive/2022basic/texmf-dist/tex/latex/caption/caption3.sty
Package: caption3 2022/02/28 v2.3a caption3 kernel (AR)
\caption@tempdima=\dimen145
\captionmargin=\dimen146
\caption@leftmargin=\dimen147
\caption@rightmargin=\dimen148
\caption@width=\dimen149
\caption@indent=\dimen150
\caption@parindent=\dimen151
\caption@hangindent=\dimen152
Package caption Info: elsarticle document class detected.

(/usr/local/texlive/2022basic/texmf-dist/tex/latex/caption/caption-elsarticle.s
to
File: caption-elsarticle.sto 2020/08/22 v2.0 Adaption of the caption package to
 the elsarticle document class (AR)
))
\c@caption@flags=\count266
\c@continuedfloat=\count267
)
\c@subfigure=\count268
\c@subtable=\count269
) (/usr/local/texlive/2022basic/texmf-dist/tex/latex/float/float.sty
Package: float 2001/11/08 v1.3d Float enhancements (AL)
\c@float@type=\count270
\float@exts=\toks21
\float@box=\box54
\@float@everytoks=\toks22
\@floatcapt=\box55
)
(./multirow.sty)
(/usr/local/texlive/2022basic/texmf-dist/tex/latex/amsmath/amsmath.sty
Package: amsmath 2021/10/15 v2.17l AMS math features
\@mathmargin=\skip53

For additional information on amsmath, use the `?' option.
(/usr/local/texlive/2022basic/texmf-dist/tex/latex/amsmath/amstext.sty
Package: amstext 2021/08/26 v2.01 AMS text

(/usr/local/texlive/2022basic/texmf-dist/tex/latex/amsmath/amsgen.sty
File: amsgen.sty 1999/11/30 v2.0 generic functions
\@emptytoks=\toks23
\ex@=\dimen153
))
(/usr/local/texlive/2022basic/texmf-dist/tex/latex/amsmath/amsbsy.sty
Package: amsbsy 1999/11/29 v1.2d Bold Symbols
\pmbraise@=\dimen154
)
(/usr/local/texlive/2022basic/texmf-dist/tex/latex/amsmath/amsopn.sty
Package: amsopn 2021/08/26 v2.02 operator names
)
\inf@bad=\count271
LaTeX Info: Redefining \frac on input line 234.
\uproot@=\count272
\leftroot@=\count273
LaTeX Info: Redefining \overline on input line 399.
\classnum@=\count274
\DOTSCASE@=\count275
LaTeX Info: Redefining \ldots on input line 496.
LaTeX Info: Redefining \dots on input line 499.
LaTeX Info: Redefining \cdots on input line 620.
\Mathstrutbox@=\box56
\strutbox@=\box57
\big@size=\dimen155
LaTeX Font Info:    Redeclaring font encoding OML on input line 743.
LaTeX Font Info:    Redeclaring font encoding OMS on input line 744.
\macc@depth=\count276
\c@MaxMatrixCols=\count277
\dotsspace@=\muskip17
\c@parentequation=\count278
\dspbrk@lvl=\count279
\tag@help=\toks24
\row@=\count280
\column@=\count281
\maxfields@=\count282
\andhelp@=\toks25
\eqnshift@=\dimen156
\alignsep@=\dimen157
\tagshift@=\dimen158
\tagwidth@=\dimen159
\totwidth@=\dimen160
\lineht@=\dimen161
\@envbody=\toks26
\multlinegap=\skip54
\multlinetaggap=\skip55
\mathdisplay@stack=\toks27
LaTeX Info: Redefining \[ on input line 2938.
LaTeX Info: Redefining \] on input line 2939.
)
(/usr/local/texlive/2022basic/texmf-dist/tex/latex/graphics/color.sty
Package: color 2021/12/07 v1.3c Standard LaTeX Color (DPC)

(/usr/local/texlive/2022basic/texmf-dist/tex/latex/graphics-cfg/color.cfg
File: color.cfg 2016/01/02 v1.6 sample color configuration
)
Package color Info: Driver file: pdftex.def on input line 149.

(/usr/local/texlive/2022basic/texmf-dist/tex/latex/graphics/dvipsnam.def
File: dvipsnam.def 2016/06/17 v3.0m Driver-dependent file (DPC,SPQR)
))
(/usr/local/texlive/2022basic/texmf-dist/tex/latex/l3backend/l3backend-pdftex.d
ef
File: l3backend-pdftex.def 2022-02-07 L3 backend support: PDF output (pdfTeX)
\l__color_backend_stack_int=\count283
\l__pdf_internal_box=\box58
) (./main.aux)
\openout1 = `main.aux'.

LaTeX Font Info:    Checking defaults for OML/cmm/m/it on input line 33.
LaTeX Font Info:    ... okay on input line 33.
LaTeX Font Info:    Checking defaults for OMS/cmsy/m/n on input line 33.
LaTeX Font Info:    ... okay on input line 33.
LaTeX Font Info:    Checking defaults for OT1/cmr/m/n on input line 33.
LaTeX Font Info:    ... okay on input line 33.
LaTeX Font Info:    Checking defaults for T1/cmr/m/n on input line 33.
LaTeX Font Info:    ... okay on input line 33.
LaTeX Font Info:    Checking defaults for TS1/cmr/m/n on input line 33.
LaTeX Font Info:    ... okay on input line 33.
LaTeX Font Info:    Checking defaults for OMX/cmex/m/n on input line 33.
LaTeX Font Info:    ... okay on input line 33.
LaTeX Font Info:    Checking defaults for U/cmr/m/n on input line 33.
LaTeX Font Info:    ... okay on input line 33.

(/usr/local/texlive/2022basic/texmf-dist/tex/context/base/mkii/supp-pdf.mkii
[Loading MPS to PDF converter (version 2006.09.02).]
\scratchcounter=\count284
\scratchdimen=\dimen162
\scratchbox=\box59
\nofMPsegments=\count285
\nofMParguments=\count286
\everyMPshowfont=\toks28
\MPscratchCnt=\count287
\MPscratchDim=\dimen163
\MPnumerator=\count288
\makeMPintoPDFobject=\count289
\everyMPtoPDFconversion=\toks29
)
(/usr/local/texlive/2022basic/texmf-dist/tex/latex/epstopdf-pkg/epstopdf-base.s
ty
Package: epstopdf-base 2020-01-24 v2.11 Base part for package epstopdf
 (/usr/local/texlive/2022basic/texmf-dist/tex/generic/infwarerr/infwarerr.sty
Package: infwarerr 2019/12/03 v1.5 Providing info/warning/error messages (HO)
) (/usr/local/texlive/2022basic/texmf-dist/tex/latex/grfext/grfext.sty
Package: grfext 2019/12/03 v1.3 Manage graphics extensions (HO)

(/usr/local/texlive/2022basic/texmf-dist/tex/generic/kvdefinekeys/kvdefinekeys.
sty
Package: kvdefinekeys 2019-12-19 v1.6 Define keys (HO)
))
(/usr/local/texlive/2022basic/texmf-dist/tex/latex/kvoptions/kvoptions.sty
Package: kvoptions 2020-10-07 v3.14 Key value format for package options (HO)

(/usr/local/texlive/2022basic/texmf-dist/tex/generic/ltxcmds/ltxcmds.sty
Package: ltxcmds 2020-05-10 v1.25 LaTeX kernel commands for general use (HO)
)
(/usr/local/texlive/2022basic/texmf-dist/tex/generic/kvsetkeys/kvsetkeys.sty
Package: kvsetkeys 2019/12/15 v1.18 Key value parser (HO)
))
(/usr/local/texlive/2022basic/texmf-dist/tex/generic/pdftexcmds/pdftexcmds.sty
Package: pdftexcmds 2020-06-27 v0.33 Utility functions of pdfTeX for LuaTeX (HO
)

(/usr/local/texlive/2022basic/texmf-dist/tex/generic/iftex/iftex.sty
Package: iftex 2022/02/03 v1.0f TeX engine tests
)
Package pdftexcmds Info: \pdf@primitive is available.
Package pdftexcmds Info: \pdf@ifprimitive is available.
Package pdftexcmds Info: \pdfdraftmode found.
)
Package epstopdf-base Info: Redefining graphics rule for `.eps' on input line 4
85.
Package grfext Info: Graphics extension search list:
(grfext)             [.pdf,.png,.jpg,.mps,.jpeg,.jbig2,.jb2,.PDF,.PNG,.JPG,.JPE
G,.JBIG2,.JB2,.eps]
(grfext)             \AppendGraphicsExtensions on input line 504.

(/usr/local/texlive/2022basic/texmf-dist/tex/latex/latexconfig/epstopdf-sys.cfg
File: epstopdf-sys.cfg 2010/07/13 v1.3 Configuration of (r)epstopdf for TeX Liv
e
))
Package caption Info: Begin \AtBeginDocument code.
Package caption Info: float package is loaded.
Package caption Info: End \AtBeginDocument code.


Package natbib Warning: Citation `krizhevsky2012imagenet' on page 1 undefined o
n input line 66.


Package natbib Warning: Citation `he2016deep' on page 1 undefined on input line
 66.


Package natbib Warning: Citation `mnih2013playing' on page 1 undefined on input
 line 66.


Package natbib Warning: Citation `RLgames2023' on page 1 undefined on input lin
e 66.


Package natbib Warning: Citation `mnih2015humanlevel' on page 1 undefined on in
put line 66.

[1


{/usr/local/texlive/2022basic/texmf-var/fonts/map/pdftex/updmap/pdftex.map}]

Package natbib Warning: Citation `baldassarre2014intrinsic' on page 2 undefined
 on input line 72.


Package natbib Warning: Citation `Ryan00' on page 2 undefined on input line 73.



Package natbib Warning: Citation `Morris2022' on page 2 undefined on input line
 73.


Package natbib Warning: Citation `Parisi2019' on page 2 undefined on input line
 75.


Package natbib Warning: Citation `baldassarre2014intrinsic' on page 2 undefined
 on input line 76.


Package natbib Warning: Citation `Baldassarre19' on page 2 undefined on input l
ine 76.


Package natbib Warning: Citation `Ryan00' on page 2 undefined on input line 78.



Package natbib Warning: Citation `barto2005intrinsic' on page 2 undefined on in
put line 78.


Package natbib Warning: Citation `singh2010intrinsically' on page 2 undefined o
n input line 78.


Package natbib Warning: Citation `Barto2013' on page 2 undefined on input line 
78.


Package natbib Warning: Citation `oudeyer2009intrinsic' on page 2 undefined on 
input line 78.


Package natbib Warning: Citation `Morris2022' on page 2 undefined on input line
 80.


Package natbib Warning: Citation `Ryan00' on page 2 undefined on input line 81.



Package natbib Warning: Citation `Baldassarre19' on page 2 undefined on input l
ine 83.


Package natbib Warning: Citation `Parisi2019' on page 2 undefined on input line
 86.

[2]

Package natbib Warning: Citation `Aubret2023' on page 3 undefined on input line
 89.


Package natbib Warning: Citation `burda2018exploration' on page 3 undefined on 
input line 97.

<fig/diagrams/cnd-overview.png, id=19, 475.5366pt x 406.1574pt>
File: fig/diagrams/cnd-overview.png Graphic file (type png)
<use fig/diagrams/cnd-overview.png>
Package pdftex.def Info: fig/diagrams/cnd-overview.png  used on input line 101.

(pdftex.def)             Requested size: 288.0011pt x 245.98317pt.

Package natbib Warning: Citation `burda2018exploration' on page 3 undefined on 
input line 108.


Package natbib Warning: Citation `burda2018exploration' on page 3 undefined on 
input line 109.

[3]

Package natbib Warning: Citation `Anand2019' on page 4 undefined on input line 
119.


Package natbib Warning: Citation `Bardes2022' on page 4 undefined on input line
 119.

[4 <./fig/diagrams/cnd-overview.png>]

Package natbib Warning: Citation `aubret2019survey' on page 5 undefined on inpu
t line 129.


Package natbib Warning: Citation `stadie2015incentivizing' on page 5 undefined 
on input line 130.


Package natbib Warning: Citation `bellemare13arcade' on page 5 undefined on inp
ut line 130.


Package natbib Warning: Citation `Pathak2017' on page 5 undefined on input line
 130.


Package natbib Warning: Citation `yu2020intrinsic' on page 5 undefined on input
 line 130.


Package natbib Warning: Citation `kingma2013auto' on page 5 undefined on input 
line 130.


Package natbib Warning: Citation `sekar2020planning' on page 5 undefined on inp
ut line 130.


Package natbib Warning: Citation `kim2018emi' on page 5 undefined on input line
 130.


Package natbib Warning: Citation `shyam2019model' on page 5 undefined on input 
line 130.


Package natbib Warning: Citation `tang2017exploration' on page 5 undefined on i
nput line 132.


Package natbib Warning: Citation `ostrovski2017count' on page 5 undefined on in
put line 132.


Package natbib Warning: Citation `martin2017count' on page 5 undefined on input
 line 132.


Package natbib Warning: Citation `machado2018count' on page 5 undefined on inpu
t line 132.


Package natbib Warning: Citation `burda2018exploration' on page 5 undefined on 
input line 132.


Package natbib Warning: Citation `badia2020never' on page 5 undefined on input 
line 132.


Package natbib Warning: Citation `shannon1948mathematical' on page 5 undefined 
on input line 134.


Package natbib Warning: Citation `houthooft2016vime' on page 5 undefined on inp
ut line 134.


Package natbib Warning: Citation `seo2021state' on page 5 undefined on input li
ne 134.


Package natbib Warning: Citation `burda2018large' on page 5 undefined on input 
line 135.


Package natbib Warning: Citation `aubret2019survey' on page 5 undefined on inpu
t line 135.


Package natbib Warning: Citation `yuan2022intrinsically' on page 5 undefined on
 input line 135.


Package natbib Warning: Citation `Timoth2018' on page 5 undefined on input line
 137.


Package natbib Warning: Citation `Anand2019' on page 5 undefined on input line 
137.


Package natbib Warning: Citation `Srinivas2020' on page 5 undefined on input li
ne 137.


Package natbib Warning: Citation `guo2022byol' on page 5 undefined on input lin
e 137.


Package natbib Warning: Citation `Chopra2005' on page 5 undefined on input line
 137.


Package natbib Warning: Citation `Gutmann2010' on page 5 undefined on input lin
e 137.


Package natbib Warning: Citation `Oord2018' on page 5 undefined on input line 1
37.


Package natbib Warning: Citation `Sohn2016' on page 5 undefined on input line 1
37.


Package natbib Warning: Citation `Zbontar2021' on page 5 undefined on input lin
e 137.


Package natbib Warning: Citation `Bardes2022' on page 5 undefined on input line
 137.


Package natbib Warning: Citation `jonschkowski2015learning' on page 5 undefined
 on input line 137.


Package natbib Warning: Citation `grill2020bootstrap' on page 5 undefined on in
put line 138.

[5]

Package natbib Warning: Citation `schulman2017proximal' on page 6 undefined on 
input line 151.


Package natbib Warning: Citation `mnih2013playing' on page 6 undefined on input
 line 152.

[6]

Package natbib Warning: Citation `burda2018exploration' on page 7 undefined on 
input line 194.

<fig/diagrams/cnd-rnd.png, id=40, 449.5194pt x 138.7584pt>
File: fig/diagrams/cnd-rnd.png Graphic file (type png)
<use fig/diagrams/cnd-rnd.png>
Package pdftex.def Info: fig/diagrams/cnd-rnd.png  used on input line 199.
(pdftex.def)             Requested size: 256.0748pt x 79.04865pt.
<fig/diagrams/cnd-cnd.png, id=41, 583.2189pt x 341.1144pt>
File: fig/diagrams/cnd-cnd.png Graphic file (type png)
<use fig/diagrams/cnd-cnd.png>
Package pdftex.def Info: fig/diagrams/cnd-cnd.png  used on input line 206.
(pdftex.def)             Requested size: 312.9803pt x 183.06433pt.

LaTeX Warning: `h' float specifier changed to `ht'.

<fig/diagrams/cnd-std.png, id=42, 326.6604pt x 138.0357pt>
File: fig/diagrams/cnd-std.png Graphic file (type png)
<use fig/diagrams/cnd-std.png>
Package pdftex.def Info: fig/diagrams/cnd-std.png  used on input line 213.
(pdftex.def)             Requested size: 227.62204pt x 96.18622pt.

Package natbib Warning: Citation `burda2018exploration' on page 7 undefined on 
input line 221.

[7 <./fig/diagrams/cnd-rnd.png>] [8 <./fig/diagrams/cnd-cnd.png> <./fig/diagram
s/cnd-std.png>]

Package natbib Warning: Citation `assran2022maskednetworks' on page 9 undefined
 on input line 243.


Package natbib Warning: Citation `lee2020randomization' on page 9 undefined on 
input line 243.

<fig/diagrams/cnd-augmentations.png, id=53, 680.7834pt x 189.3474pt>
File: fig/diagrams/cnd-augmentations.png Graphic file (type png)
<use fig/diagrams/cnd-augmentations.png>
Package pdftex.def Info: fig/diagrams/cnd-augmentations.png  used on input line
 247.
(pdftex.def)             Requested size: 398.33858pt x 110.78944pt.

Overfull \hbox (38.33858pt too wide) in paragraph at lines 247--248
 [][] 
 []

[9 <./fig/diagrams/cnd-augmentations.png>]

Package natbib Warning: Citation `Anand2019' on page 10 undefined on input line
 270.


Package natbib Warning: Citation `Sohn2016' on page 10 undefined on input line 
270.


Package natbib Warning: Citation `Anand2019' on page 10 undefined on input line
 281.

[10]

Package natbib Warning: Citation `Bardes2022' on page 11 undefined on input lin
e 305.

[11]

Package natbib Warning: Citation `cobbe2020procgen' on page 12 undefined on inp
ut line 336.


Package natbib Warning: Citation `cobbe2020procgen' on page 12 undefined on inp
ut line 336.


Package natbib Warning: Citation `pechac2022intrinsic' on page 12 undefined on 
input line 338.


Package natbib Warning: Citation `schulman2017proximal' on page 12 undefined on
 input line 344.


Package natbib Warning: Citation `kingma2015adam' on page 12 undefined on input
 line 344.

<fig/diagrams/cnd-ppo_model.png, id=65, 654.0435pt x 297.0297pt>
File: fig/diagrams/cnd-ppo_model.png Graphic file (type png)
<use fig/diagrams/cnd-ppo_model.png>
Package pdftex.def Info: fig/diagrams/cnd-ppo_model.png  used on input line 351
.
(pdftex.def)             Requested size: 369.88582pt x 167.98071pt.

Overfull \hbox (9.88582pt too wide) in paragraph at lines 351--352
 [][] 
 []

[12]
<fig/diagrams/cnd-target_arch.png, id=69, 492.8814pt x 80.9424pt>
File: fig/diagrams/cnd-target_arch.png Graphic file (type png)
<use fig/diagrams/cnd-target_arch.png>
Package pdftex.def Info: fig/diagrams/cnd-target_arch.png  used on input line 3
57.
(pdftex.def)             Requested size: 312.9803pt x 51.39784pt.
<fig/diagrams/cnd-learned_arch.png, id=70, 615.7404pt x 80.9424pt>
File: fig/diagrams/cnd-learned_arch.png Graphic file (type png)
<use fig/diagrams/cnd-learned_arch.png>
Package pdftex.def Info: fig/diagrams/cnd-learned_arch.png  used on input line 
363.
(pdftex.def)             Requested size: 369.88582pt x 48.62386pt.

Overfull \hbox (9.88582pt too wide) in paragraph at lines 363--364
 [][] 
 []


Package natbib Warning: Citation `burda2018exploration' on page 13 undefined on
 input line 370.


Package natbib Warning: Citation `mnih2013playing' on page 13 undefined on inpu
t line 377.

[13 <./fig/diagrams/cnd-ppo_model.png> <./fig/diagrams/cnd-target_arch.png> <./
fig/diagrams/cnd-learned_arch.png>] [14]
<fig/results/aux_experiments/cnd_vicreg_architecture.png, id=81, 715.2321pt x 7
15.473pt>
File: fig/results/aux_experiments/cnd_vicreg_architecture.png Graphic file (typ
e png)
<use fig/results/aux_experiments/cnd_vicreg_architecture.png>
Package pdftex.def Info: fig/results/aux_experiments/cnd_vicreg_architecture.pn
g  used on input line 441.
(pdftex.def)             Requested size: 284.52756pt x 284.62297pt.
 [15 <./fig/results/aux_experiments/cnd_vicreg_architecture.png>]
<fig/results/aux_experiments/cnd_vicreg_augmentations.png, id=86, 715.2321pt x 
715.473pt>
File: fig/results/aux_experiments/cnd_vicreg_augmentations.png Graphic file (ty
pe png)
<use fig/results/aux_experiments/cnd_vicreg_augmentations.png>
Package pdftex.def Info: fig/results/aux_experiments/cnd_vicreg_augmentations.p
ng  used on input line 483.
(pdftex.def)             Requested size: 284.52756pt x 284.62297pt.
<fig/results/aux_experiments/cnd_scaling.png, id=87, 715.2321pt x 715.473pt>
File: fig/results/aux_experiments/cnd_scaling.png Graphic file (type png)
<use fig/results/aux_experiments/cnd_scaling.png>
Package pdftex.def Info: fig/results/aux_experiments/cnd_scaling.png  used on i
nput line 495.
(pdftex.def)             Requested size: 284.52756pt x 284.62297pt.
 [16 <./fig/results/aux_experiments/cnd_vicreg_augmentations.png>]
<fig/results/montezuma.png, id=92, 462.528pt x 370.0224pt>
File: fig/results/montezuma.png Graphic file (type png)
<use fig/results/montezuma.png>
Package pdftex.def Info: fig/results/montezuma.png  used on input line 504.
(pdftex.def)             Requested size: 116.65646pt x 93.32405pt.

Overfull \hbox (1.45383pt too wide) in paragraph at lines 504--505
 [][] 
 []

<fig/results/gravitar.png, id=93, 462.528pt x 370.0224pt>
File: fig/results/gravitar.png Graphic file (type png)
<use fig/results/gravitar.png>
Package pdftex.def Info: fig/results/gravitar.png  used on input line 510.
(pdftex.def)             Requested size: 116.65646pt x 93.32405pt.

Overfull \hbox (1.45383pt too wide) in paragraph at lines 510--511
 [][] 
 []

<fig/results/venture.png, id=94, 462.528pt x 370.0224pt>
File: fig/results/venture.png Graphic file (type png)
<use fig/results/venture.png>
Package pdftex.def Info: fig/results/venture.png  used on input line 516.
(pdftex.def)             Requested size: 116.65646pt x 93.32405pt.

Overfull \hbox (1.45383pt too wide) in paragraph at lines 516--517
 [][] 
 []

<fig/results/private_eye.png, id=95, 462.528pt x 370.0224pt>
File: fig/results/private_eye.png Graphic file (type png)
<use fig/results/private_eye.png>
Package pdftex.def Info: fig/results/private_eye.png  used on input line 522.
(pdftex.def)             Requested size: 116.65646pt x 93.32405pt.

Overfull \hbox (1.45383pt too wide) in paragraph at lines 522--523
 [][] 
 []

<fig/results/solaris.png, id=96, 462.528pt x 370.0224pt>
File: fig/results/solaris.png Graphic file (type png)
<use fig/results/solaris.png>
Package pdftex.def Info: fig/results/solaris.png  used on input line 528.
(pdftex.def)             Requested size: 116.65646pt x 93.32405pt.

Overfull \hbox (1.45383pt too wide) in paragraph at lines 528--529
 [][] 
 []

<fig/results/caveflyer.png, id=97, 462.528pt x 370.0224pt>
File: fig/results/caveflyer.png Graphic file (type png)
<use fig/results/caveflyer.png>
Package pdftex.def Info: fig/results/caveflyer.png  used on input line 534.
(pdftex.def)             Requested size: 116.65646pt x 93.32405pt.

Overfull \hbox (1.45383pt too wide) in paragraph at lines 534--535
 [][] 
 []

<fig/results/coinrun.png, id=98, 462.528pt x 370.0224pt>
File: fig/results/coinrun.png Graphic file (type png)
<use fig/results/coinrun.png>
Package pdftex.def Info: fig/results/coinrun.png  used on input line 540.
(pdftex.def)             Requested size: 116.65646pt x 93.32405pt.

Overfull \hbox (1.45383pt too wide) in paragraph at lines 540--541
 [][] 
 []

<fig/results/jumper.png, id=99, 462.528pt x 370.0224pt>
File: fig/results/jumper.png Graphic file (type png)
<use fig/results/jumper.png>
Package pdftex.def Info: fig/results/jumper.png  used on input line 546.
(pdftex.def)             Requested size: 116.65646pt x 93.32405pt.

Overfull \hbox (1.45383pt too wide) in paragraph at lines 546--547
 [][] 
 []

<fig/results/climber.png, id=100, 462.528pt x 370.0224pt>
File: fig/results/climber.png Graphic file (type png)
<use fig/results/climber.png>
Package pdftex.def Info: fig/results/climber.png  used on input line 552.
(pdftex.def)             Requested size: 116.65646pt x 93.32405pt.

Overfull \hbox (1.45383pt too wide) in paragraph at lines 552--553
 [][] 
 []


Overfull \hbox (6.62982pt too wide) in paragraph at lines 564--581
 [][] 
 []

[17 <./fig/results/aux_experiments/cnd_scaling.png>]
<fig/images/cnd_random.png, id=105, 462.528pt x 346.896pt>
File: fig/images/cnd_random.png Graphic file (type png)
<use fig/images/cnd_random.png>
Package pdftex.def Info: fig/images/cnd_random.png  used on input line 612.
(pdftex.def)             Requested size: 199.16928pt x 149.37938pt.

Overfull \hbox (19.16928pt too wide) in paragraph at lines 612--613
 [][] 
 []

<fig/images/cnd_trained.png, id=106, 462.528pt x 346.896pt>
File: fig/images/cnd_trained.png Graphic file (type png)
<use fig/images/cnd_trained.png>
Package pdftex.def Info: fig/images/cnd_trained.png  used on input line 618.
(pdftex.def)             Requested size: 199.16928pt x 149.37938pt.

Overfull \hbox (19.16928pt too wide) in paragraph at lines 618--619
 [][] 
 []


Overfull \hbox (2.43333pt too wide) in paragraph at lines 610--622
[][] [] 
 []

<fig/analysis/anal_montezuma.png, id=107, 555.0336pt x 555.0336pt>
File: fig/analysis/anal_montezuma.png Graphic file (type png)
<use fig/analysis/anal_montezuma.png>
Package pdftex.def Info: fig/analysis/anal_montezuma.png  used on input line 63
0.
(pdftex.def)             Requested size: 113.81102pt x 113.80803pt.

Overfull \hbox (5.80992pt too wide) in paragraph at lines 630--631
 [][] 
 []

<fig/analysis/anal_gravitar.png, id=108, 555.0336pt x 555.0336pt>
File: fig/analysis/anal_gravitar.png Graphic file (type png)
<use fig/analysis/anal_gravitar.png>
Package pdftex.def Info: fig/analysis/anal_gravitar.png  used on input line 636
.
(pdftex.def)             Requested size: 113.81102pt x 113.80803pt.

Overfull \hbox (5.80992pt too wide) in paragraph at lines 636--637
 [][] 
 []

<fig/analysis/anal_venture.png, id=109, 555.0336pt x 555.0336pt>
File: fig/analysis/anal_venture.png Graphic file (type png)
<use fig/analysis/anal_venture.png>
Package pdftex.def Info: fig/analysis/anal_venture.png  used on input line 642.

(pdftex.def)             Requested size: 113.81102pt x 113.80803pt.

Overfull \hbox (5.80992pt too wide) in paragraph at lines 642--643
 [][] 
 []

<fig/analysis/anal_private_eye.png, id=110, 555.0336pt x 555.0336pt>
File: fig/analysis/anal_private_eye.png Graphic file (type png)
<use fig/analysis/anal_private_eye.png>
Package pdftex.def Info: fig/analysis/anal_private_eye.png  used on input line 
648.
(pdftex.def)             Requested size: 113.81102pt x 113.80803pt.

Overfull \hbox (5.80992pt too wide) in paragraph at lines 648--649
 [][] 
 []

<fig/analysis/anal_solaris.png, id=111, 555.0336pt x 555.0336pt>
File: fig/analysis/anal_solaris.png Graphic file (type png)
<use fig/analysis/anal_solaris.png>
Package pdftex.def Info: fig/analysis/anal_solaris.png  used on input line 654.

(pdftex.def)             Requested size: 113.81102pt x 113.80803pt.

Overfull \hbox (5.80992pt too wide) in paragraph at lines 654--655
 [][] 
 []

<fig/analysis/anal_caveflyer.png, id=112, 555.0336pt x 555.0336pt>
File: fig/analysis/anal_caveflyer.png Graphic file (type png)
<use fig/analysis/anal_caveflyer.png>
Package pdftex.def Info: fig/analysis/anal_caveflyer.png  used on input line 66
0.
(pdftex.def)             Requested size: 113.81102pt x 113.80803pt.

Overfull \hbox (5.80992pt too wide) in paragraph at lines 660--661
 [][] 
 []

<fig/analysis/anal_coinrun.png, id=113, 555.0336pt x 555.0336pt>
File: fig/analysis/anal_coinrun.png Graphic file (type png)
<use fig/analysis/anal_coinrun.png>
Package pdftex.def Info: fig/analysis/anal_coinrun.png  used on input line 666.

(pdftex.def)             Requested size: 113.81102pt x 113.80803pt.

Overfull \hbox (5.80992pt too wide) in paragraph at lines 666--667
 [][] 
 []

<fig/analysis/anal_jumper.png, id=114, 555.0336pt x 555.0336pt>
File: fig/analysis/anal_jumper.png Graphic file (type png)
<use fig/analysis/anal_jumper.png>
Package pdftex.def Info: fig/analysis/anal_jumper.png  used on input line 672.
(pdftex.def)             Requested size: 113.81102pt x 113.80803pt.

Overfull \hbox (5.80992pt too wide) in paragraph at lines 672--673
 [][] 
 []

<fig/analysis/anal_climber.png, id=115, 555.0336pt x 555.0336pt>
File: fig/analysis/anal_climber.png Graphic file (type png)
<use fig/analysis/anal_climber.png>
Package pdftex.def Info: fig/analysis/anal_climber.png  used on input line 678.

(pdftex.def)             Requested size: 113.81102pt x 113.80803pt.

Overfull \hbox (5.80992pt too wide) in paragraph at lines 678--679
 [][] 
 []

<fig/results/novelty_detection/rnd_result_summary.png, id=116, 1148.8521pt x 38
6.1627pt>
File: fig/results/novelty_detection/rnd_result_summary.png Graphic file (type p
ng)
<use fig/results/novelty_detection/rnd_result_summary.png>
Package pdftex.def Info: fig/results/novelty_detection/rnd_result_summary.png  
used on input line 766.
(pdftex.def)             Requested size: 341.43306pt x 114.7655pt.
<fig/results/novelty_detection/cnd_nce_summary.png, id=117, 1148.8521pt x 386.1
627pt>
File: fig/results/novelty_detection/cnd_nce_summary.png Graphic file (type png)

<use fig/results/novelty_detection/cnd_nce_summary.png>
Package pdftex.def Info: fig/results/novelty_detection/cnd_nce_summary.png  use
d on input line 772.
(pdftex.def)             Requested size: 341.43306pt x 114.7655pt.
<fig/results/novelty_detection/cnd_msev_result_summary.png, id=118, 1148.8521pt
 x 386.1627pt>
File: fig/results/novelty_detection/cnd_msev_result_summary.png Graphic file (t
ype png)
<use fig/results/novelty_detection/cnd_msev_result_summary.png>
Package pdftex.def Info: fig/results/novelty_detection/cnd_msev_result_summary.
png  used on input line 778.
(pdftex.def)             Requested size: 341.43306pt x 114.7655pt.
<fig/results/novelty_detection/cnd_vicreg_result_summary.png, id=119, 1148.8521
pt x 386.1627pt>
File: fig/results/novelty_detection/cnd_vicreg_result_summary.png Graphic file 
(type png)
<use fig/results/novelty_detection/cnd_vicreg_result_summary.png>
Package pdftex.def Info: fig/results/novelty_detection/cnd_vicreg_result_summar
y.png  used on input line 784.
(pdftex.def)             Requested size: 341.43306pt x 114.7655pt.

Package natbib Warning: Citation `tSNE2008' on page 18 undefined on input line 
791.


Package natbib Warning: Citation `burda2018exploration' on page 18 undefined on
 input line 791.

[18 <./fig/results/montezuma.png> <./fig/results/gravitar.png> <./fig/results/v
enture.png> <./fig/results/private_eye.png> <./fig/results/solaris.png> <./fig/
results/caveflyer.png> <./fig/results/coinrun.png> <./fig/results/jumper.png> <
./fig/results/climber.png>]

LaTeX Warning: Reference `tab:analysis1' on page 19 undefined on input line 795
.

[19] [20 <./fig/images/cnd_random.png> <./fig/images/cnd_trained.png>] [21 <./f
ig/analysis/anal_montezuma.png> <./fig/analysis/anal_gravitar.png> <./fig/analy
sis/anal_venture.png> <./fig/analysis/anal_private_eye.png> <./fig/analysis/ana
l_solaris.png> <./fig/analysis/anal_caveflyer.png> <./fig/analysis/anal_coinrun
.png> <./fig/analysis/anal_jumper.png> <./fig/analysis/anal_climber.png>]

LaTeX Warning: Text page 22 contains only floats.

[22 <./fig/results/novelty_detection/rnd_result_summary.png> <./fig/results/nov
elty_detection/cnd_nce_summary.png> <./fig/results/novelty_detection/cnd_msev_r
esult_summary.png> <./fig/results/novelty_detection/cnd_vicreg_result_summary.p
ng>] [23] [24]
No file main.bbl.

Package natbib Warning: There were undefined citations.

[25] (./main.aux)

LaTeX Warning: There were undefined references.

 ) 
Here is how much of TeX's memory you used:
 5422 strings out of 479719
 96234 string characters out of 5880574
 395668 words of memory out of 5000000
 23303 multiletter control sequences out of 15000+600000
 476848 words of font info for 54 fonts, out of 8000000 for 9000
 319 hyphenation exceptions out of 8191
 70i,12n,77p,1451b,497s stack positions out of 10000i,1000n,20000p,200000b,200000s
</usr/local/texlive/2022basic/texmf-dist/fonts/type1/public/amsfonts/cm/cmbx1
0.pfb></usr/local/texlive/2022basic/texmf-dist/fonts/type1/public/amsfonts/cm/c
mbx8.pfb></usr/local/texlive/2022basic/texmf-dist/fonts/type1/public/amsfonts/c
m/cmex10.pfb></usr/local/texlive/2022basic/texmf-dist/fonts/type1/public/amsfon
ts/cm/cmmi10.pfb></usr/local/texlive/2022basic/texmf-dist/fonts/type1/public/am
sfonts/cm/cmmi6.pfb></usr/local/texlive/2022basic/texmf-dist/fonts/type1/public
/amsfonts/cm/cmmi8.pfb></usr/local/texlive/2022basic/texmf-dist/fonts/type1/pub
lic/amsfonts/cm/cmr10.pfb></usr/local/texlive/2022basic/texmf-dist/fonts/type1/
public/amsfonts/cm/cmr12.pfb></usr/local/texlive/2022basic/texmf-dist/fonts/typ
e1/public/amsfonts/cm/cmr6.pfb></usr/local/texlive/2022basic/texmf-dist/fonts/t
ype1/public/amsfonts/cm/cmr8.pfb></usr/local/texlive/2022basic/texmf-dist/fonts
/type1/public/amsfonts/cm/cmr9.pfb></usr/local/texlive/2022basic/texmf-dist/fon
ts/type1/public/amsfonts/cm/cmsy10.pfb></usr/local/texlive/2022basic/texmf-dist
/fonts/type1/public/amsfonts/cm/cmsy6.pfb></usr/local/texlive/2022basic/texmf-d
ist/fonts/type1/public/amsfonts/cm/cmsy8.pfb></usr/local/texlive/2022basic/texm
f-dist/fonts/type1/public/amsfonts/cm/cmti10.pfb></usr/local/texlive/2022basic/
texmf-dist/fonts/type1/public/amsfonts/cm/cmti7.pfb></usr/local/texlive/2022bas
ic/texmf-dist/fonts/type1/public/amsfonts/cm/cmti9.pfb></usr/local/texlive/2022
basic/texmf-dist/fonts/type1/public/amsfonts/cm/cmtt9.pfb>
Output written on main.pdf (25 pages, 7553138 bytes).
PDF statistics:
 247 PDF objects out of 1000 (max. 8388607)
 112 compressed objects within 2 object streams
 0 named destinations out of 1000 (max. 500000)
 176 words of extra memory for PDF output out of 10000 (max. 10000000)

